2021-06-24 10:29:53.478  INFO 15400 --- [main] c.m.s.scores.ServiceScoresApplication    : Starting ServiceScoresApplication using Java 1.8.0_181 on DESKTOP-P10DH2N with PID 15400 (C:\Users\N3oxX\IdeaProjects\scores\target\classes started by N3oxX in C:\Users\N3oxX\IdeaProjects\scores)
2021-06-24 10:29:53.482  INFO 15400 --- [main] c.m.s.scores.ServiceScoresApplication    : No active profile set, falling back to default profiles: default
2021-06-24 10:29:54.397  INFO 15400 --- [main] .s.d.r.c.RepositoryConfigurationDelegate : Bootstrapping Spring Data JPA repositories in DEFAULT mode.
2021-06-24 10:29:54.452  INFO 15400 --- [main] .s.d.r.c.RepositoryConfigurationDelegate : Finished Spring Data repository scanning in 47 ms. Found 1 JPA repository interfaces.
2021-06-24 10:29:54.642  INFO 15400 --- [main] o.s.cloud.context.scope.GenericScope     : BeanFactory id=4be153c5-d63c-3138-a6f1-9e79ab1d841b
2021-06-24 10:29:54.784  INFO 15400 --- [main] trationDelegate$BeanPostProcessorChecker : Bean 'management.metrics-org.springframework.boot.actuate.autoconfigure.metrics.MetricsProperties' of type [org.springframework.boot.actuate.autoconfigure.metrics.MetricsProperties] is not eligible for getting processed by all BeanPostProcessors (for example: not eligible for auto-proxying)
2021-06-24 10:29:54.784  INFO 15400 --- [main] trationDelegate$BeanPostProcessorChecker : Bean 'org.springframework.boot.actuate.autoconfigure.metrics.data.RepositoryMetricsAutoConfiguration' of type [org.springframework.boot.actuate.autoconfigure.metrics.data.RepositoryMetricsAutoConfiguration] is not eligible for getting processed by all BeanPostProcessors (for example: not eligible for auto-proxying)
2021-06-24 10:29:54.785  INFO 15400 --- [main] trationDelegate$BeanPostProcessorChecker : Bean 'org.springframework.boot.actuate.autoconfigure.metrics.export.simple.SimpleMetricsExportAutoConfiguration' of type [org.springframework.boot.actuate.autoconfigure.metrics.export.simple.SimpleMetricsExportAutoConfiguration] is not eligible for getting processed by all BeanPostProcessors (for example: not eligible for auto-proxying)
2021-06-24 10:29:54.786  INFO 15400 --- [main] trationDelegate$BeanPostProcessorChecker : Bean 'management.metrics.export.simple-org.springframework.boot.actuate.autoconfigure.metrics.export.simple.SimpleProperties' of type [org.springframework.boot.actuate.autoconfigure.metrics.export.simple.SimpleProperties] is not eligible for getting processed by all BeanPostProcessors (for example: not eligible for auto-proxying)
2021-06-24 10:29:54.788  INFO 15400 --- [main] trationDelegate$BeanPostProcessorChecker : Bean 'simpleConfig' of type [org.springframework.boot.actuate.autoconfigure.metrics.export.simple.SimplePropertiesConfigAdapter] is not eligible for getting processed by all BeanPostProcessors (for example: not eligible for auto-proxying)
2021-06-24 10:29:54.791  INFO 15400 --- [main] trationDelegate$BeanPostProcessorChecker : Bean 'org.springframework.boot.actuate.autoconfigure.metrics.MetricsAutoConfiguration' of type [org.springframework.boot.actuate.autoconfigure.metrics.MetricsAutoConfiguration] is not eligible for getting processed by all BeanPostProcessors (for example: not eligible for auto-proxying)
2021-06-24 10:29:54.792  INFO 15400 --- [main] trationDelegate$BeanPostProcessorChecker : Bean 'micrometerClock' of type [io.micrometer.core.instrument.Clock$1] is not eligible for getting processed by all BeanPostProcessors (for example: not eligible for auto-proxying)
2021-06-24 10:29:54.814  INFO 15400 --- [main] trationDelegate$BeanPostProcessorChecker : Bean 'simpleMeterRegistry' of type [io.micrometer.core.instrument.simple.SimpleMeterRegistry] is not eligible for getting processed by all BeanPostProcessors (for example: not eligible for auto-proxying)
2021-06-24 10:29:54.817  INFO 15400 --- [main] trationDelegate$BeanPostProcessorChecker : Bean 'repositoryTagsProvider' of type [org.springframework.boot.actuate.metrics.data.DefaultRepositoryTagsProvider] is not eligible for getting processed by all BeanPostProcessors (for example: not eligible for auto-proxying)
2021-06-24 10:29:54.817  INFO 15400 --- [main] trationDelegate$BeanPostProcessorChecker : Bean 'metricsRepositoryMethodInvocationListener' of type [org.springframework.boot.actuate.metrics.data.MetricsRepositoryMethodInvocationListener] is not eligible for getting processed by all BeanPostProcessors (for example: not eligible for auto-proxying)
2021-06-24 10:29:54.988  INFO 15400 --- [main] o.s.b.w.embedded.tomcat.TomcatWebServer  : Tomcat initialized with port(s): 8091 (http)
2021-06-24 10:29:54.995  INFO 15400 --- [main] o.apache.catalina.core.StandardService   : Starting service [Tomcat]
2021-06-24 10:29:54.995  INFO 15400 --- [main] org.apache.catalina.core.StandardEngine  : Starting Servlet engine: [Apache Tomcat/9.0.46]
2021-06-24 10:29:55.134  INFO 15400 --- [main] o.a.c.c.C.[Tomcat].[localhost].[/]       : Initializing Spring embedded WebApplicationContext
2021-06-24 10:29:55.134  INFO 15400 --- [main] w.s.c.ServletWebServerApplicationContext : Root WebApplicationContext: initialization completed in 1621 ms
2021-06-24 10:29:55.247  INFO 15400 --- [main] o.hibernate.jpa.internal.util.LogHelper  : HHH000204: Processing PersistenceUnitInfo [name: default]
2021-06-24 10:29:55.279  INFO 15400 --- [main] org.hibernate.Version                    : HHH000412: Hibernate ORM core version 5.4.31.Final
2021-06-24 10:29:55.362  INFO 15400 --- [main] o.hibernate.annotations.common.Version   : HCANN000001: Hibernate Commons Annotations {5.1.2.Final}
2021-06-24 10:29:55.434  INFO 15400 --- [main] com.zaxxer.hikari.HikariDataSource       : HikariPool-1 - Starting...
2021-06-24 10:29:56.296  INFO 15400 --- [main] com.zaxxer.hikari.HikariDataSource       : HikariPool-1 - Start completed.
2021-06-24 10:29:56.314  INFO 15400 --- [main] org.hibernate.dialect.Dialect            : HHH000400: Using dialect: org.hibernate.dialect.PostgreSQL10Dialect
2021-06-24 10:29:57.410  INFO 15400 --- [main] o.h.e.t.j.p.i.JtaPlatformInitiator       : HHH000490: Using JtaPlatform implementation: [org.hibernate.engine.transaction.jta.platform.internal.NoJtaPlatform]
2021-06-24 10:29:57.417  INFO 15400 --- [main] j.LocalContainerEntityManagerFactoryBean : Initialized JPA EntityManagerFactory for persistence unit 'default'
2021-06-24 10:29:57.760  WARN 15400 --- [main] JpaBaseConfiguration$JpaWebConfiguration : spring.jpa.open-in-view is enabled by default. Therefore, database queries may be performed during view rendering. Explicitly configure spring.jpa.open-in-view to disable this warning
2021-06-24 10:29:58.235  INFO 15400 --- [main] o.s.b.a.e.web.EndpointLinksResolver      : Exposing 17 endpoint(s) beneath base path '/actuator'
2021-06-24 10:29:58.287  INFO 15400 --- [main] pertySourcedRequestMappingHandlerMapping : Mapped URL path [/v2/api-docs] onto method [springfox.documentation.swagger2.web.Swagger2Controller#getDocumentation(String, HttpServletRequest)]
2021-06-24 10:29:58.709  INFO 15400 --- [main] DiscoveryClientOptionalArgsConfiguration : Eureka HTTP Client uses RestTemplate.
2021-06-24 10:29:58.740  WARN 15400 --- [main] iguration$LoadBalancerCaffeineWarnLogger : Spring Cloud LoadBalancer is currently working with the default cache. You can switch to using Caffeine cache, by adding it and org.springframework.cache.caffeine.CaffeineCacheManager to the classpath.
2021-06-24 10:29:58.786  INFO 15400 --- [main] o.s.c.n.eureka.InstanceInfoFactory       : Setting initial instance status as: STARTING
2021-06-24 10:29:58.807  INFO 15400 --- [main] com.netflix.discovery.DiscoveryClient    : Initializing Eureka in region us-east-1
2021-06-24 10:29:58.810  INFO 15400 --- [main] c.n.d.s.r.aws.ConfigClusterResolver      : Resolving eureka endpoints via configuration
2021-06-24 10:29:58.825  INFO 15400 --- [main] com.netflix.discovery.DiscoveryClient    : Disable delta property : false
2021-06-24 10:29:58.826  INFO 15400 --- [main] com.netflix.discovery.DiscoveryClient    : Single vip registry refresh property : null
2021-06-24 10:29:58.826  INFO 15400 --- [main] com.netflix.discovery.DiscoveryClient    : Force full registry fetch : false
2021-06-24 10:29:58.826  INFO 15400 --- [main] com.netflix.discovery.DiscoveryClient    : Application is null : false
2021-06-24 10:29:58.826  INFO 15400 --- [main] com.netflix.discovery.DiscoveryClient    : Registered Applications size is zero : true
2021-06-24 10:29:58.826  INFO 15400 --- [main] com.netflix.discovery.DiscoveryClient    : Application version is -1: true
2021-06-24 10:29:58.826  INFO 15400 --- [main] com.netflix.discovery.DiscoveryClient    : Getting all instance registry info from the eureka server
2021-06-24 10:29:58.961  INFO 15400 --- [main] com.netflix.discovery.DiscoveryClient    : The response status is 200
2021-06-24 10:29:58.963  INFO 15400 --- [main] com.netflix.discovery.DiscoveryClient    : Starting heartbeat executor: renew interval is: 30
2021-06-24 10:29:58.964  INFO 15400 --- [main] c.n.discovery.InstanceInfoReplicator     : InstanceInfoReplicator onDemand update allowed rate per min is 4
2021-06-24 10:29:58.967  INFO 15400 --- [main] com.netflix.discovery.DiscoveryClient    : Discovery Client initialized at timestamp 1624523398967 with initial instances count: 3
2021-06-24 10:29:58.969  INFO 15400 --- [main] o.s.c.n.e.s.EurekaServiceRegistry        : Registering application SCORES with eureka with status UP
2021-06-24 10:29:58.969  INFO 15400 --- [main] com.netflix.discovery.DiscoveryClient    : Saw local status change event StatusChangeEvent [timestamp=1624523398969, current=UP, previous=STARTING]
2021-06-24 10:29:58.970  INFO 15400 --- [DiscoveryClient-InstanceInfoReplicator-0] com.netflix.discovery.DiscoveryClient    : DiscoveryClient_SCORES/DESKTOP-P10DH2N:scores:8091: registering service...
2021-06-24 10:29:58.990  INFO 15400 --- [main] o.s.b.w.embedded.tomcat.TomcatWebServer  : Tomcat started on port(s): 8091 (http) with context path ''
2021-06-24 10:29:58.991  INFO 15400 --- [main] .s.c.n.e.s.EurekaAutoServiceRegistration : Updating port to 8091
2021-06-24 10:29:59.011  INFO 15400 --- [DiscoveryClient-InstanceInfoReplicator-0] com.netflix.discovery.DiscoveryClient    : DiscoveryClient_SCORES/DESKTOP-P10DH2N:scores:8091 - registration status: 204
2021-06-24 10:29:59.079  INFO 15400 --- [main] d.s.w.p.DocumentationPluginsBootstrapper : Context refreshed
2021-06-24 10:29:59.089  INFO 15400 --- [main] d.s.w.p.DocumentationPluginsBootstrapper : Found 1 custom documentation plugin(s)
2021-06-24 10:29:59.117  INFO 15400 --- [main] s.d.s.w.s.ApiListingReferenceScanner     : Scanning for api listing references
2021-06-24 10:29:59.196  INFO 15400 --- [main] c.m.s.scores.ServiceScoresApplication    : Started ServiceScoresApplication in 6.487 seconds (JVM running for 7.881)
2021-06-24 10:29:59.201  INFO 15400 --- [main] o.s.b.a.ApplicationAvailabilityBean      : Application availability state LivenessState changed to CORRECT
2021-06-24 10:29:59.204  INFO 15400 --- [main] o.s.b.a.ApplicationAvailabilityBean      : Application availability state ReadinessState changed to ACCEPTING_TRAFFIC
2021-06-24 10:29:59.219  INFO 15400 --- [registrationTask1] d.c.b.a.c.r.ApplicationRegistrator       : Application registered itself as a9820c357d8e
2021-06-24 10:29:59.256  INFO 15400 --- [http-nio-8091-exec-1] o.a.c.c.C.[Tomcat].[localhost].[/]       : Initializing Spring DispatcherServlet 'dispatcherServlet'
2021-06-24 10:29:59.256  INFO 15400 --- [http-nio-8091-exec-1] o.s.web.servlet.DispatcherServlet        : Initializing Servlet 'dispatcherServlet'
2021-06-24 10:29:59.257  INFO 15400 --- [http-nio-8091-exec-1] o.s.web.servlet.DispatcherServlet        : Completed initialization in 1 ms
2021-06-24 10:32:31.600  INFO 7476 --- [main] c.m.s.scores.ServiceScoresApplication    : Starting ServiceScoresApplication using Java 1.8.0_181 on DESKTOP-P10DH2N with PID 7476 (C:\Users\N3oxX\IdeaProjects\scores\target\classes started by N3oxX in C:\Users\N3oxX\IdeaProjects\scores)
2021-06-24 10:32:31.602  INFO 7476 --- [main] c.m.s.scores.ServiceScoresApplication    : No active profile set, falling back to default profiles: default
2021-06-24 10:32:32.434  INFO 7476 --- [main] .s.d.r.c.RepositoryConfigurationDelegate : Bootstrapping Spring Data JPA repositories in DEFAULT mode.
2021-06-24 10:32:32.484  INFO 7476 --- [main] .s.d.r.c.RepositoryConfigurationDelegate : Finished Spring Data repository scanning in 43 ms. Found 1 JPA repository interfaces.
2021-06-24 10:32:32.666  INFO 7476 --- [main] o.s.cloud.context.scope.GenericScope     : BeanFactory id=4be153c5-d63c-3138-a6f1-9e79ab1d841b
2021-06-24 10:32:32.786  INFO 7476 --- [main] trationDelegate$BeanPostProcessorChecker : Bean 'management.metrics-org.springframework.boot.actuate.autoconfigure.metrics.MetricsProperties' of type [org.springframework.boot.actuate.autoconfigure.metrics.MetricsProperties] is not eligible for getting processed by all BeanPostProcessors (for example: not eligible for auto-proxying)
2021-06-24 10:32:32.786  INFO 7476 --- [main] trationDelegate$BeanPostProcessorChecker : Bean 'org.springframework.boot.actuate.autoconfigure.metrics.data.RepositoryMetricsAutoConfiguration' of type [org.springframework.boot.actuate.autoconfigure.metrics.data.RepositoryMetricsAutoConfiguration] is not eligible for getting processed by all BeanPostProcessors (for example: not eligible for auto-proxying)
2021-06-24 10:32:32.787  INFO 7476 --- [main] trationDelegate$BeanPostProcessorChecker : Bean 'org.springframework.boot.actuate.autoconfigure.metrics.export.simple.SimpleMetricsExportAutoConfiguration' of type [org.springframework.boot.actuate.autoconfigure.metrics.export.simple.SimpleMetricsExportAutoConfiguration] is not eligible for getting processed by all BeanPostProcessors (for example: not eligible for auto-proxying)
2021-06-24 10:32:32.788  INFO 7476 --- [main] trationDelegate$BeanPostProcessorChecker : Bean 'management.metrics.export.simple-org.springframework.boot.actuate.autoconfigure.metrics.export.simple.SimpleProperties' of type [org.springframework.boot.actuate.autoconfigure.metrics.export.simple.SimpleProperties] is not eligible for getting processed by all BeanPostProcessors (for example: not eligible for auto-proxying)
2021-06-24 10:32:32.790  INFO 7476 --- [main] trationDelegate$BeanPostProcessorChecker : Bean 'simpleConfig' of type [org.springframework.boot.actuate.autoconfigure.metrics.export.simple.SimplePropertiesConfigAdapter] is not eligible for getting processed by all BeanPostProcessors (for example: not eligible for auto-proxying)
2021-06-24 10:32:32.792  INFO 7476 --- [main] trationDelegate$BeanPostProcessorChecker : Bean 'org.springframework.boot.actuate.autoconfigure.metrics.MetricsAutoConfiguration' of type [org.springframework.boot.actuate.autoconfigure.metrics.MetricsAutoConfiguration] is not eligible for getting processed by all BeanPostProcessors (for example: not eligible for auto-proxying)
2021-06-24 10:32:32.793  INFO 7476 --- [main] trationDelegate$BeanPostProcessorChecker : Bean 'micrometerClock' of type [io.micrometer.core.instrument.Clock$1] is not eligible for getting processed by all BeanPostProcessors (for example: not eligible for auto-proxying)
2021-06-24 10:32:32.803  INFO 7476 --- [main] trationDelegate$BeanPostProcessorChecker : Bean 'simpleMeterRegistry' of type [io.micrometer.core.instrument.simple.SimpleMeterRegistry] is not eligible for getting processed by all BeanPostProcessors (for example: not eligible for auto-proxying)
2021-06-24 10:32:32.805  INFO 7476 --- [main] trationDelegate$BeanPostProcessorChecker : Bean 'repositoryTagsProvider' of type [org.springframework.boot.actuate.metrics.data.DefaultRepositoryTagsProvider] is not eligible for getting processed by all BeanPostProcessors (for example: not eligible for auto-proxying)
2021-06-24 10:32:32.805  INFO 7476 --- [main] trationDelegate$BeanPostProcessorChecker : Bean 'metricsRepositoryMethodInvocationListener' of type [org.springframework.boot.actuate.metrics.data.MetricsRepositoryMethodInvocationListener] is not eligible for getting processed by all BeanPostProcessors (for example: not eligible for auto-proxying)
2021-06-24 10:32:32.978  INFO 7476 --- [main] o.s.b.w.embedded.tomcat.TomcatWebServer  : Tomcat initialized with port(s): 8091 (http)
2021-06-24 10:32:32.984  INFO 7476 --- [main] o.apache.catalina.core.StandardService   : Starting service [Tomcat]
2021-06-24 10:32:32.984  INFO 7476 --- [main] org.apache.catalina.core.StandardEngine  : Starting Servlet engine: [Apache Tomcat/9.0.46]
2021-06-24 10:32:33.083  INFO 7476 --- [main] o.a.c.c.C.[Tomcat].[localhost].[/]       : Initializing Spring embedded WebApplicationContext
2021-06-24 10:32:33.083  INFO 7476 --- [main] w.s.c.ServletWebServerApplicationContext : Root WebApplicationContext: initialization completed in 1441 ms
2021-06-24 10:32:33.192  INFO 7476 --- [main] o.hibernate.jpa.internal.util.LogHelper  : HHH000204: Processing PersistenceUnitInfo [name: default]
2021-06-24 10:32:33.225  INFO 7476 --- [main] org.hibernate.Version                    : HHH000412: Hibernate ORM core version 5.4.31.Final
2021-06-24 10:32:33.312  INFO 7476 --- [main] o.hibernate.annotations.common.Version   : HCANN000001: Hibernate Commons Annotations {5.1.2.Final}
2021-06-24 10:32:33.387  INFO 7476 --- [main] com.zaxxer.hikari.HikariDataSource       : HikariPool-1 - Starting...
2021-06-24 10:32:34.188  INFO 7476 --- [main] com.zaxxer.hikari.HikariDataSource       : HikariPool-1 - Start completed.
2021-06-24 10:32:34.205  INFO 7476 --- [main] org.hibernate.dialect.Dialect            : HHH000400: Using dialect: org.hibernate.dialect.PostgreSQL10Dialect
2021-06-24 10:32:35.323  INFO 7476 --- [main] o.h.e.t.j.p.i.JtaPlatformInitiator       : HHH000490: Using JtaPlatform implementation: [org.hibernate.engine.transaction.jta.platform.internal.NoJtaPlatform]
2021-06-24 10:32:35.330  INFO 7476 --- [main] j.LocalContainerEntityManagerFactoryBean : Initialized JPA EntityManagerFactory for persistence unit 'default'
2021-06-24 10:32:35.653  WARN 7476 --- [main] JpaBaseConfiguration$JpaWebConfiguration : spring.jpa.open-in-view is enabled by default. Therefore, database queries may be performed during view rendering. Explicitly configure spring.jpa.open-in-view to disable this warning
2021-06-24 10:32:36.069  INFO 7476 --- [main] o.s.b.a.e.web.EndpointLinksResolver      : Exposing 17 endpoint(s) beneath base path '/actuator'
2021-06-24 10:32:36.114  INFO 7476 --- [main] pertySourcedRequestMappingHandlerMapping : Mapped URL path [/v2/api-docs] onto method [springfox.documentation.swagger2.web.Swagger2Controller#getDocumentation(String, HttpServletRequest)]
2021-06-24 10:32:36.523  INFO 7476 --- [main] DiscoveryClientOptionalArgsConfiguration : Eureka HTTP Client uses RestTemplate.
2021-06-24 10:32:36.555  WARN 7476 --- [main] iguration$LoadBalancerCaffeineWarnLogger : Spring Cloud LoadBalancer is currently working with the default cache. You can switch to using Caffeine cache, by adding it and org.springframework.cache.caffeine.CaffeineCacheManager to the classpath.
2021-06-24 10:32:36.603  INFO 7476 --- [main] o.s.c.n.eureka.InstanceInfoFactory       : Setting initial instance status as: STARTING
2021-06-24 10:32:36.623  INFO 7476 --- [main] com.netflix.discovery.DiscoveryClient    : Initializing Eureka in region us-east-1
2021-06-24 10:32:36.627  INFO 7476 --- [main] c.n.d.s.r.aws.ConfigClusterResolver      : Resolving eureka endpoints via configuration
2021-06-24 10:32:36.642  INFO 7476 --- [main] com.netflix.discovery.DiscoveryClient    : Disable delta property : false
2021-06-24 10:32:36.643  INFO 7476 --- [main] com.netflix.discovery.DiscoveryClient    : Single vip registry refresh property : null
2021-06-24 10:32:36.643  INFO 7476 --- [main] com.netflix.discovery.DiscoveryClient    : Force full registry fetch : false
2021-06-24 10:32:36.643  INFO 7476 --- [main] com.netflix.discovery.DiscoveryClient    : Application is null : false
2021-06-24 10:32:36.643  INFO 7476 --- [main] com.netflix.discovery.DiscoveryClient    : Registered Applications size is zero : true
2021-06-24 10:32:36.643  INFO 7476 --- [main] com.netflix.discovery.DiscoveryClient    : Application version is -1: true
2021-06-24 10:32:36.643  INFO 7476 --- [main] com.netflix.discovery.DiscoveryClient    : Getting all instance registry info from the eureka server
2021-06-24 10:32:36.780  INFO 7476 --- [main] com.netflix.discovery.DiscoveryClient    : The response status is 200
2021-06-24 10:32:36.783  INFO 7476 --- [main] com.netflix.discovery.DiscoveryClient    : Starting heartbeat executor: renew interval is: 30
2021-06-24 10:32:36.784  INFO 7476 --- [main] c.n.discovery.InstanceInfoReplicator     : InstanceInfoReplicator onDemand update allowed rate per min is 4
2021-06-24 10:32:36.788  INFO 7476 --- [main] com.netflix.discovery.DiscoveryClient    : Discovery Client initialized at timestamp 1624523556787 with initial instances count: 3
2021-06-24 10:32:36.789  INFO 7476 --- [main] o.s.c.n.e.s.EurekaServiceRegistry        : Registering application SCORES with eureka with status UP
2021-06-24 10:32:36.789  INFO 7476 --- [main] com.netflix.discovery.DiscoveryClient    : Saw local status change event StatusChangeEvent [timestamp=1624523556789, current=UP, previous=STARTING]
2021-06-24 10:32:36.791  INFO 7476 --- [DiscoveryClient-InstanceInfoReplicator-0] com.netflix.discovery.DiscoveryClient    : DiscoveryClient_SCORES/DESKTOP-P10DH2N:scores:8091: registering service...
2021-06-24 10:32:36.809  INFO 7476 --- [main] o.s.b.w.embedded.tomcat.TomcatWebServer  : Tomcat started on port(s): 8091 (http) with context path ''
2021-06-24 10:32:36.810  INFO 7476 --- [main] .s.c.n.e.s.EurekaAutoServiceRegistration : Updating port to 8091
2021-06-24 10:32:36.830  INFO 7476 --- [DiscoveryClient-InstanceInfoReplicator-0] com.netflix.discovery.DiscoveryClient    : DiscoveryClient_SCORES/DESKTOP-P10DH2N:scores:8091 - registration status: 204
2021-06-24 10:32:36.868  INFO 7476 --- [http-nio-8091-exec-1] o.a.c.c.C.[Tomcat].[localhost].[/]       : Initializing Spring DispatcherServlet 'dispatcherServlet'
2021-06-24 10:32:36.868  INFO 7476 --- [http-nio-8091-exec-1] o.s.web.servlet.DispatcherServlet        : Initializing Servlet 'dispatcherServlet'
2021-06-24 10:32:36.869  INFO 7476 --- [http-nio-8091-exec-1] o.s.web.servlet.DispatcherServlet        : Completed initialization in 1 ms
2021-06-24 10:32:36.899  INFO 7476 --- [main] d.s.w.p.DocumentationPluginsBootstrapper : Context refreshed
2021-06-24 10:32:36.910  INFO 7476 --- [main] d.s.w.p.DocumentationPluginsBootstrapper : Found 1 custom documentation plugin(s)
2021-06-24 10:32:36.938  INFO 7476 --- [main] s.d.s.w.s.ApiListingReferenceScanner     : Scanning for api listing references
2021-06-24 10:32:37.019  INFO 7476 --- [main] c.m.s.scores.ServiceScoresApplication    : Started ServiceScoresApplication in 5.917 seconds (JVM running for 6.505)
2021-06-24 10:32:37.024  INFO 7476 --- [main] o.s.b.a.ApplicationAvailabilityBean      : Application availability state LivenessState changed to CORRECT
2021-06-24 10:32:37.028  INFO 7476 --- [main] o.s.b.a.ApplicationAvailabilityBean      : Application availability state ReadinessState changed to ACCEPTING_TRAFFIC
2021-06-24 10:32:37.044  INFO 7476 --- [registrationTask1] d.c.b.a.c.r.ApplicationRegistrator       : Application registered itself as a9820c357d8e
